2023-05-17 12:32:47,482 - INFO - Triggering GET request for url : {url}
2023-05-17 12:32:47,909 - INFO - https://www.google.com is up and running. Response time: 0.43s. Google is found
2023-05-17 12:32:47,909 - INFO - Triggering GET request for url : {url}
2023-05-17 12:32:48,064 - INFO - https://www.facebook.com is up and running. Response time: 0.15s. User is found
2023-05-17 12:32:48,064 - INFO - Triggering GET request for url : {url}
2023-05-17 12:32:48,360 - INFO - https://www.instagram.com is up and running. Response time: 0.30s. insta is found
2023-05-17 12:32:48,360 - INFO - Triggering GET request for url : {url}
2023-05-17 12:32:48,626 - ERROR - https://www.amazon.com is up, but the content does not match the requirement.
2023-05-17 12:33:08,631 - INFO - Triggering GET request for url : {url}
2023-05-17 12:33:09,009 - INFO - https://www.google.com is up and running. Response time: 0.38s. Google is found
2023-05-17 12:33:09,009 - INFO - Triggering GET request for url : {url}
2023-05-17 12:33:09,221 - INFO - https://www.facebook.com is up and running. Response time: 0.21s. User is found
2023-05-17 12:33:09,221 - INFO - Triggering GET request for url : {url}
2023-05-17 12:33:09,432 - INFO - https://www.instagram.com is up and running. Response time: 0.21s. insta is found
2023-05-17 12:33:09,432 - INFO - Triggering GET request for url : {url}
2023-05-17 12:33:09,593 - ERROR - https://www.amazon.com is up, but the content does not match the requirement.
2023-05-17 12:33:29,597 - INFO - Triggering GET request for url : {url}
2023-05-17 12:33:29,894 - INFO - https://www.google.com is up and running. Response time: 0.30s. Google is found
2023-05-17 12:33:29,894 - INFO - Triggering GET request for url : {url}
2023-05-17 12:33:30,059 - INFO - https://www.facebook.com is up and running. Response time: 0.17s. User is found
2023-05-17 12:33:30,059 - INFO - Triggering GET request for url : {url}
2023-05-17 12:33:30,309 - INFO - https://www.instagram.com is up and running. Response time: 0.25s. insta is found
2023-05-17 12:33:30,309 - INFO - Triggering GET request for url : {url}
2023-05-17 12:33:30,604 - ERROR - https://www.amazon.com is up, but the content does not match the requirement.
2023-05-17 12:33:50,614 - INFO - Triggering GET request for url : {url}
2023-05-17 12:33:50,916 - INFO - https://www.google.com is up and running. Response time: 0.30s. Google is found
2023-05-17 12:33:50,916 - INFO - Triggering GET request for url : {url}
2023-05-17 12:33:51,141 - INFO - https://www.facebook.com is up and running. Response time: 0.22s. User is found
2023-05-17 12:33:51,166 - INFO - Triggering GET request for url : {url}
2023-05-17 12:33:51,372 - INFO - https://www.instagram.com is up and running. Response time: 0.21s. insta is found
2023-05-17 12:33:51,372 - INFO - Triggering GET request for url : {url}
2023-05-17 12:33:51,563 - ERROR - https://www.amazon.com is up, but the content does not match the requirement.
2023-05-17 12:34:11,567 - INFO - Triggering GET request for url : {url}
2023-05-17 12:34:11,846 - INFO - https://www.google.com is up and running. Response time: 0.28s. Google is found
2023-05-17 12:34:11,846 - INFO - Triggering GET request for url : {url}
2023-05-17 12:34:11,989 - INFO - https://www.facebook.com is up and running. Response time: 0.14s. User is found
2023-05-17 12:34:11,989 - INFO - Triggering GET request for url : {url}
2023-05-17 12:34:12,211 - INFO - https://www.instagram.com is up and running. Response time: 0.22s. insta is found
2023-05-17 12:34:12,211 - INFO - Triggering GET request for url : {url}
2023-05-17 12:34:12,390 - ERROR - https://www.amazon.com is up, but the content does not match the requirement.
